<?xml version="1.0"?>
<testsuite name="Chrome Headless 108.0.5359.125 (Windows 10)" package="" timestamp="2022-12-22T13:58:14" id="0" hostname="Willis-PC" tests="5" errors="0" failures="0" time="0.098">
  <properties>
    <property name="browser.fullName" value="Mozilla/5.0 (Windows NT 10.0; Win64; x64) AppleWebKit/537.36 (KHTML, like Gecko) HeadlessChrome/108.0.5359.125 Safari/537.36"/>
  </properties>
  <testcase name="FooterComponent should create" time="0.029" classname="FooterComponent"/>
  <testcase name="NavbarNewComponent should create" time="0.011" classname="NavbarNewComponent"/>
  <testcase name="MrUploadFileComponent should create" time="0.048" classname="MrUploadFileComponent"/>
  <testcase name="AboutComponent should create" time="0.003" classname="AboutComponent"/>
  <testcase name="AppComponent should create the app" time="0.007" classname="AppComponent"/>
  <system-out>
    <![CDATA[Chrome Headless 108.0.5359.125 (Windows 10) WARN: 'You are running production build of Inferno in development mode. Use dev:module entry point.'

]]>
  </system-out>
  <system-err/>
</testsuite>